<?xml version="1.0" encoding="UTF-8" standalone="yes"?><!DOCTYPE report PUBLIC "-//JACOCO//DTD Report 1.1//EN" "report.dtd"><report name="OracleBanking"><sessioninfo id="Ravil‘s-b15f79b7" start="1712854465556" dump="1712854465853"/><package name="com/example/bank"><class name="com/example/bank/App" sourcefilename="App.java"><method name="&lt;init&gt;" desc="()V" line="4"><counter type="INSTRUCTION" missed="3" covered="0"/><counter type="LINE" missed="1" covered="0"/><counter type="COMPLEXITY" missed="1" covered="0"/><counter type="METHOD" missed="1" covered="0"/></method><method name="calculateBalance" desc="()D" line="9"><counter type="INSTRUCTION" missed="0" covered="2"/><counter type="LINE" missed="0" covered="1"/><counter type="COMPLEXITY" missed="0" covered="1"/><counter type="METHOD" missed="0" covered="1"/></method><method name="calculateWithdraw" desc="(D)D" line="14"><counter type="INSTRUCTION" missed="0" covered="18"/><counter type="BRANCH" missed="0" covered="2"/><counter type="LINE" missed="0" covered="6"/><counter type="COMPLEXITY" missed="0" covered="2"/><counter type="METHOD" missed="0" covered="1"/></method><method name="calculateDeposit" desc="(D)D" line="25"><counter type="INSTRUCTION" missed="0" covered="2"/><counter type="LINE" missed="0" covered="1"/><counter type="COMPLEXITY" missed="0" covered="1"/><counter type="METHOD" missed="0" covered="1"/></method><method name="isBalanceBelow" desc="(D)Z" line="29"><counter type="INSTRUCTION" missed="8" covered="0"/><counter type="BRANCH" missed="2" covered="0"/><counter type="LINE" missed="1" covered="0"/><counter type="COMPLEXITY" missed="2" covered="0"/><counter type="METHOD" missed="1" covered="0"/></method><method name="isBalanceNegative" desc="()Z" line="33"><counter type="INSTRUCTION" missed="2" covered="6"/><counter type="BRANCH" missed="1" covered="1"/><counter type="LINE" missed="0" covered="1"/><counter type="COMPLEXITY" missed="1" covered="1"/><counter type="METHOD" missed="0" covered="1"/></method><method name="&lt;clinit&gt;" desc="()V" line="5"><counter type="INSTRUCTION" missed="0" covered="7"/><counter type="LINE" missed="0" covered="2"/><counter type="COMPLEXITY" missed="0" covered="1"/><counter type="METHOD" missed="0" covered="1"/></method><counter type="INSTRUCTION" missed="13" covered="35"/><counter type="BRANCH" missed="3" covered="3"/><counter type="LINE" missed="2" covered="11"/><counter type="COMPLEXITY" missed="4" covered="6"/><counter type="METHOD" missed="2" covered="5"/><counter type="CLASS" missed="0" covered="1"/></class><sourcefile name="App.java"><line nr="4" mi="3" ci="0" mb="0" cb="0"/><line nr="5" mi="0" ci="4" mb="0" cb="0"/><line nr="6" mi="0" ci="3" mb="0" cb="0"/><line nr="9" mi="0" ci="2" mb="0" cb="0"/><line nr="14" mi="0" ci="4" mb="0" cb="2"/><line nr="15" mi="0" ci="5" mb="0" cb="0"/><line nr="17" mi="0" ci="2" mb="0" cb="0"/><line nr="18" mi="0" ci="1" mb="0" cb="0"/><line nr="19" mi="0" ci="4" mb="0" cb="0"/><line nr="20" mi="0" ci="2" mb="0" cb="0"/><line nr="25" mi="0" ci="2" mb="0" cb="0"/><line nr="29" mi="8" ci="0" mb="2" cb="0"/><line nr="33" mi="2" ci="6" mb="1" cb="1"/><counter type="INSTRUCTION" missed="13" covered="35"/><counter type="BRANCH" missed="3" covered="3"/><counter type="LINE" missed="2" covered="11"/><counter type="COMPLEXITY" missed="4" covered="6"/><counter type="METHOD" missed="2" covered="5"/><counter type="CLASS" missed="0" covered="1"/></sourcefile><counter type="INSTRUCTION" missed="13" covered="35"/><counter type="BRANCH" missed="3" covered="3"/><counter type="LINE" missed="2" covered="11"/><counter type="COMPLEXITY" missed="4" covered="6"/><counter type="METHOD" missed="2" covered="5"/><counter type="CLASS" missed="0" covered="1"/></package><counter type="INSTRUCTION" missed="13" covered="35"/><counter type="BRANCH" missed="3" covered="3"/><counter type="LINE" missed="2" covered="11"/><counter type="COMPLEXITY" missed="4" covered="6"/><counter type="METHOD" missed="2" covered="5"/><counter type="CLASS" missed="0" covered="1"/></report>