<?xml version="1.0" encoding="UTF-8"?>
<testsuite xmlns:xsi="http://www.w3.org/2001/XMLSchema-instance" xsi:noNamespaceSchemaLocation="https://maven.apache.org/surefire/maven-surefire-plugin/xsd/surefire-test-report.xsd" name="com.example.bank.AppTest" time="0.062" tests="5" errors="0" skipped="0" failures="0">
  <properties>
[...]
</properties>
  <testcase name="com.example.bank.AppTest.testCalculateBalance" classname="com.example.bank.AppTest" time="0.028"/>
  <testcase name="com.example.bank.AppTest.testIsBalanceNegative" classname="com.example.bank.AppTest" time="0.001"/>
  <testcase name="com.example.bank.AppTest.testCalculateDeposit" classname="com.example.bank.AppTest" time="0"/>
  <testcase name="com.example.bank.AppTest.testCalculateWithdrawSufficientBalance" classname="com.example.bank.AppTest" time="0"/>
  <testcase name="com.example.bank.AppTest.testCalculateWithdrawInsufficientBalance" classname="com.example.bank.AppTest" time="0.032"/>
</testsuite>